<?xml version="1.0" encoding="UTF-8"?>
<!-- Generated by org.testng.reporters.JUnitXMLReporter -->
<testsuite ignored="1" hostname="DESKTOP-IACUTLP" failures="0" tests="1" name="Default test" time="23.402" errors="0" timestamp="2023-02-03T10:27:42 PST">
  <testcase classname="TestCasesPage.HomeTestPage" name="VerifyDropDownMenulinkTest" time="0.43"/>
  <testcase classname="TestCasesPage.HomeTestPage" name="VerifyUserLandedHomePageTest" time="0.0">
    <ignored/>
  </testcase> <!-- VerifyUserLandedHomePageTest -->
</testsuite> <!-- Default test -->
