<?xml version="1.0" encoding="UTF-8"?>
<testng-results ignored="1" total="2" passed="1" failed="0" skipped="0">
  <reporter-output>
  </reporter-output>
  <suite started-at="2023-02-03T10:27:18 PST" name="Default suite" finished-at="2023-02-03T10:27:42 PST" duration-ms="23402">
    <groups>
    </groups>
    <test started-at="2023-02-03T10:27:18 PST" name="Default test" finished-at="2023-02-03T10:27:42 PST" duration-ms="23402">
      <class name="TestCasesPage.HomeTestPage">
        <test-method is-config="true" signature="setup()[pri:0, instance:TestCasesPage.HomeTestPage@1a482e36]" started-at="2023-02-03T10:27:19 PST" name="setup" finished-at="2023-02-03T10:27:41 PST" duration-ms="22045" status="PASS">
          <reporter-output>
          </reporter-output>
        </test-method> <!-- setup -->
        <test-method signature="VerifyDropDownMenulinkTest()[pri:0, instance:TestCasesPage.HomeTestPage@1a482e36]" started-at="2023-02-03T10:27:41 PST" name="VerifyDropDownMenulinkTest" finished-at="2023-02-03T10:27:41 PST" duration-ms="430" status="PASS">
          <reporter-output>
          </reporter-output>
        </test-method> <!-- VerifyDropDownMenulinkTest -->
        <test-method is-config="true" signature="tearDown()[pri:0, instance:TestCasesPage.HomeTestPage@1a482e36]" started-at="2023-02-03T10:27:41 PST" name="tearDown" finished-at="2023-02-03T10:27:42 PST" duration-ms="768" status="PASS">
          <reporter-output>
          </reporter-output>
        </test-method> <!-- tearDown -->
      </class> <!-- TestCasesPage.HomeTestPage -->
    </test> <!-- Default test -->
  </suite> <!-- Default suite -->
</testng-results>
